//------------------------------------------------------------------------------
//--  Generated by TunerStudio 
//--  Date: 11-15-2025
//--  Time: 20:38
//--  This file merely records what was sent to your Controller,        
//--  and may be deleted at any time.                                                    
//--  Selected type: Custom#1 Temperature Sensor 
//------------------------------------------------------------------------------

//-- generated using refTable Generator:thermGenerator
//-- Table Identifier:003//--    Generated by ThermTableGenerator using user input values. 
//--    Bias Resistor value: 4700 Ohms
//--    Temperature1: -40.0(C), 	Resistance 1: 44864 Ohms 
//--    Temperature2: 0.0(C), 	Resistance 2: 5784 Ohms 
//--    Temperature3: 100.0(C), 	Resistance 3: 186.6 Ohms 
//-- 

//----------------------------------------------------------//
ADC 	Value 	MSVal 	volts
0	70.00	700 	0.000
1	70.00	700 	0.005
2	70.00	700 	0.010
3	70.00	700 	0.015
4	70.00	700 	0.020
5	392.10	3921 	0.024
6	372.77	3728 	0.029
7	357.05	3571 	0.034
8	343.88	3439 	0.039
9	332.57	3326 	0.044
10	322.70	3227 	0.049
11	313.96	3140 	0.054
12	306.14	3061 	0.059
13	299.06	2991 	0.063
14	292.61	2926 	0.068
15	286.70	2867 	0.073
16	281.23	2812 	0.078
17	276.16	2762 	0.083
18	271.44	2714 	0.088
19	267.02	2670 	0.093
20	262.86	2629 	0.098
21	258.95	2590 	0.103
22	255.25	2553 	0.107
23	251.75	2517 	0.112
24	248.42	2484 	0.117
25	245.25	2452 	0.122
26	242.22	2422 	0.127
27	239.33	2393 	0.132
28	236.57	2366 	0.137
29	233.91	2339 	0.142
30	231.36	2314 	0.146
31	228.91	2289 	0.151
32	226.55	2266 	0.156
33	224.28	2243 	0.161
34	222.08	2221 	0.166
35	219.96	2200 	0.171
36	217.90	2179 	0.176
37	215.91	2159 	0.181
38	213.99	2140 	0.186
39	212.12	2121 	0.190
40	210.30	2103 	0.195
41	208.54	2085 	0.200
42	206.83	2068 	0.205
43	205.16	2052 	0.210
44	203.53	2035 	0.215
45	201.95	2020 	0.220
46	200.41	2004 	0.225
47	198.91	1989 	0.229
48	197.44	1974 	0.234
49	196.00	1960 	0.239
50	194.60	1946 	0.244
51	193.24	1932 	0.249
52	191.90	1919 	0.254
53	190.59	1906 	0.259
54	189.31	1893 	0.264
55	188.05	1881 	0.269
56	186.82	1868 	0.273
57	185.62	1856 	0.278
58	184.44	1844 	0.283
59	183.28	1833 	0.288
60	182.14	1821 	0.293
61	181.03	1810 	0.298
62	179.93	1799 	0.303
63	178.86	1789 	0.308
64	177.80	1778 	0.313
65	176.76	1768 	0.317
66	175.74	1757 	0.322
67	174.74	1747 	0.327
68	173.75	1738 	0.332
69	172.78	1728 	0.337
70	171.83	1718 	0.342
71	170.89	1709 	0.347
72	169.96	1700 	0.352
73	169.05	1691 	0.356
74	168.16	1682 	0.361
75	167.27	1673 	0.366
76	166.40	1664 	0.371
77	165.54	1655 	0.376
78	164.70	1647 	0.381
79	163.86	1639 	0.386
80	163.04	1630 	0.391
81	162.23	1622 	0.396
82	161.43	1614 	0.400
83	160.64	1606 	0.405
84	159.86	1599 	0.410
85	159.09	1591 	0.415
86	158.34	1583 	0.420
87	157.59	1576 	0.425
88	156.85	1568 	0.430
89	156.12	1561 	0.435
90	155.39	1554 	0.439
91	154.68	1547 	0.444
92	153.98	1540 	0.449
93	153.28	1533 	0.454
94	152.59	1526 	0.459
95	151.91	1519 	0.464
96	151.24	1512 	0.469
97	150.57	1506 	0.474
98	149.92	1499 	0.479
99	149.26	1493 	0.483
100	148.62	1486 	0.488
101	147.98	1480 	0.493
102	147.36	1474 	0.498
103	146.73	1467 	0.503
104	146.12	1461 	0.508
105	145.50	1455 	0.513
106	144.90	1449 	0.518
107	144.30	1443 	0.522
108	143.71	1437 	0.527
109	143.12	1431 	0.532
110	142.54	1425 	0.537
111	141.97	1420 	0.542
112	141.40	1414 	0.547
113	140.84	1408 	0.552
114	140.28	1403 	0.557
115	139.72	1397 	0.562
116	139.17	1392 	0.566
117	138.63	1386 	0.571
118	138.09	1381 	0.576
119	137.56	1376 	0.581
120	137.03	1370 	0.586
121	136.50	1365 	0.591
122	135.98	1360 	0.596
123	135.47	1355 	0.601
124	134.96	1350 	0.605
125	134.45	1345 	0.610
126	133.95	1339 	0.615
127	133.45	1335 	0.620
128	132.96	1330 	0.625
129	132.47	1325 	0.630
130	131.98	1320 	0.635
131	131.50	1315 	0.640
132	131.02	1310 	0.645
133	130.54	1305 	0.649
134	130.07	1301 	0.654
135	129.60	1296 	0.659
136	129.14	1291 	0.664
137	128.68	1287 	0.669
138	128.22	1282 	0.674
139	127.77	1278 	0.679
140	127.32	1273 	0.684
141	126.87	1269 	0.688
142	126.43	1264 	0.693
143	125.99	1260 	0.698
144	125.55	1256 	0.703
145	125.12	1251 	0.708
146	124.69	1247 	0.713
147	124.26	1243 	0.718
148	123.83	1238 	0.723
149	123.41	1234 	0.728
150	122.99	1230 	0.732
151	122.57	1226 	0.737
152	122.16	1222 	0.742
153	121.75	1217 	0.747
154	121.34	1213 	0.752
155	120.94	1209 	0.757
156	120.53	1205 	0.762
157	120.13	1201 	0.767
158	119.73	1197 	0.771
159	119.34	1193 	0.776
160	118.95	1189 	0.781
161	118.56	1186 	0.786
162	118.17	1182 	0.791
163	117.78	1178 	0.796
164	117.40	1174 	0.801
165	117.02	1170 	0.806
166	116.64	1166 	0.811
167	116.26	1163 	0.815
168	115.89	1159 	0.820
169	115.52	1155 	0.825
170	115.15	1151 	0.830
171	114.78	1148 	0.835
172	114.42	1144 	0.840
173	114.05	1141 	0.845
174	113.69	1137 	0.850
175	113.33	1133 	0.854
176	112.98	1130 	0.859
177	112.62	1126 	0.864
178	112.27	1123 	0.869
179	111.92	1119 	0.874
180	111.57	1116 	0.879
181	111.22	1112 	0.884
182	110.87	1109 	0.889
183	110.53	1105 	0.894
184	110.19	1102 	0.898
185	109.85	1098 	0.903
186	109.51	1095 	0.908
187	109.17	1092 	0.913
188	108.84	1088 	0.918
189	108.51	1085 	0.923
190	108.17	1082 	0.928
191	107.84	1078 	0.933
192	107.52	1075 	0.938
193	107.19	1072 	0.942
194	106.86	1069 	0.947
195	106.54	1065 	0.952
196	106.22	1062 	0.957
197	105.90	1059 	0.962
198	105.58	1056 	0.967
199	105.26	1053 	0.972
200	104.95	1049 	0.977
201	104.64	1046 	0.981
202	104.32	1043 	0.986
203	104.01	1040 	0.991
204	103.70	1037 	0.996
205	103.39	1034 	1.001
206	103.09	1031 	1.006
207	102.78	1028 	1.011
208	102.48	1025 	1.016
209	102.18	1022 	1.021
210	101.87	1019 	1.025
211	101.57	1016 	1.030
212	101.28	1013 	1.035
213	100.98	1010 	1.040
214	100.68	1007 	1.045
215	100.39	1004 	1.050
216	100.10	1001 	1.055
217	99.80	998 	1.060
218	99.51	995 	1.064
219	99.22	992 	1.069
220	98.93	989 	1.074
221	98.65	986 	1.079
222	98.36	984 	1.084
223	98.08	981 	1.089
224	97.79	978 	1.094
225	97.51	975 	1.099
226	97.23	972 	1.104
227	96.95	969 	1.108
228	96.67	967 	1.113
229	96.39	964 	1.118
230	96.12	961 	1.123
231	95.84	958 	1.128
232	95.56	956 	1.133
233	95.29	953 	1.138
234	95.02	950 	1.143
235	94.75	947 	1.147
236	94.48	945 	1.152
237	94.21	942 	1.157
238	93.94	939 	1.162
239	93.67	937 	1.167
240	93.41	934 	1.172
241	93.14	931 	1.177
242	92.88	929 	1.182
243	92.61	926 	1.187
244	92.35	923 	1.191
245	92.09	921 	1.196
246	91.83	918 	1.201
247	91.57	916 	1.206
248	91.31	913 	1.211
249	91.05	911 	1.216
250	90.79	908 	1.221
251	90.54	905 	1.226
252	90.28	903 	1.230
253	90.03	900 	1.235
254	89.78	898 	1.240
255	89.52	895 	1.245
256	89.27	893 	1.250
257	89.02	890 	1.255
258	88.77	888 	1.260
259	88.52	885 	1.265
260	88.27	883 	1.270
261	88.03	880 	1.274
262	87.78	878 	1.279
263	87.53	875 	1.284
264	87.29	873 	1.289
265	87.04	870 	1.294
266	86.80	868 	1.299
267	86.56	866 	1.304
268	86.32	863 	1.309
269	86.08	861 	1.313
270	85.83	858 	1.318
271	85.60	856 	1.323
272	85.36	854 	1.328
273	85.12	851 	1.333
274	84.88	849 	1.338
275	84.64	846 	1.343
276	84.41	844 	1.348
277	84.17	842 	1.353
278	83.94	839 	1.357
279	83.70	837 	1.362
280	83.47	835 	1.367
281	83.24	832 	1.372
282	83.01	830 	1.377
283	82.78	828 	1.382
284	82.55	825 	1.387
285	82.32	823 	1.392
286	82.09	821 	1.396
287	81.86	819 	1.401
288	81.63	816 	1.406
289	81.40	814 	1.411
290	81.18	812 	1.416
291	80.95	810 	1.421
292	80.73	807 	1.426
293	80.50	805 	1.431
294	80.28	803 	1.436
295	80.05	801 	1.440
296	79.83	798 	1.445
297	79.61	796 	1.450
298	79.39	794 	1.455
299	79.17	792 	1.460
300	78.95	789 	1.465
301	78.73	787 	1.470
302	78.51	785 	1.475
303	78.29	783 	1.479
304	78.07	781 	1.484
305	77.85	779 	1.489
306	77.64	776 	1.494
307	77.42	774 	1.499
308	77.20	772 	1.504
309	76.99	770 	1.509
310	76.77	768 	1.514
311	76.56	766 	1.519
312	76.35	763 	1.523
313	76.13	761 	1.528
314	75.92	759 	1.533
315	75.71	757 	1.538
316	75.50	755 	1.543
317	75.29	753 	1.548
318	75.08	751 	1.553
319	74.87	749 	1.558
320	74.66	747 	1.563
321	74.45	744 	1.567
322	74.24	742 	1.572
323	74.03	740 	1.577
324	73.82	738 	1.582
325	73.62	736 	1.587
326	73.41	734 	1.592
327	73.20	732 	1.597
328	73.00	730 	1.602
329	72.79	728 	1.606
330	72.59	726 	1.611
331	72.38	724 	1.616
332	72.18	722 	1.621
333	71.98	720 	1.626
334	71.77	718 	1.631
335	71.57	716 	1.636
336	71.37	714 	1.641
337	71.17	712 	1.646
338	70.97	710 	1.650
339	70.76	708 	1.655
340	70.56	706 	1.660
341	70.36	704 	1.665
342	70.17	702 	1.670
343	69.97	700 	1.675
344	69.77	698 	1.680
345	69.57	696 	1.685
346	69.37	694 	1.689
347	69.17	692 	1.694
348	68.98	690 	1.699
349	68.78	688 	1.704
350	68.58	686 	1.709
351	68.39	684 	1.714
352	68.19	682 	1.719
353	68.00	680 	1.724
354	67.80	678 	1.729
355	67.61	676 	1.733
356	67.42	674 	1.738
357	67.22	672 	1.743
358	67.03	670 	1.748
359	66.84	668 	1.753
360	66.64	666 	1.758
361	66.45	665 	1.763
362	66.26	663 	1.768
363	66.07	661 	1.772
364	65.88	659 	1.777
365	65.69	657 	1.782
366	65.50	655 	1.787
367	65.31	653 	1.792
368	65.12	651 	1.797
369	64.93	649 	1.802
370	64.74	647 	1.807
371	64.55	646 	1.812
372	64.36	644 	1.816
373	64.17	642 	1.821
374	63.99	640 	1.826
375	63.80	638 	1.831
376	63.61	636 	1.836
377	63.43	634 	1.841
378	63.24	632 	1.846
379	63.05	631 	1.851
380	62.87	629 	1.855
381	62.68	627 	1.860
382	62.50	625 	1.865
383	62.31	623 	1.870
384	62.13	621 	1.875
385	61.94	619 	1.880
386	61.76	618 	1.885
387	61.58	616 	1.890
388	61.39	614 	1.895
389	61.21	612 	1.899
390	61.03	610 	1.904
391	60.85	608 	1.909
392	60.66	607 	1.914
393	60.48	605 	1.919
394	60.30	603 	1.924
395	60.12	601 	1.929
396	59.94	599 	1.934
397	59.76	598 	1.938
398	59.58	596 	1.943
399	59.40	594 	1.948
400	59.22	592 	1.953
401	59.04	590 	1.958
402	58.86	589 	1.963
403	58.68	587 	1.968
404	58.50	585 	1.973
405	58.32	583 	1.978
406	58.14	581 	1.982
407	57.97	580 	1.987
408	57.79	578 	1.992
409	57.61	576 	1.997
410	57.43	574 	2.002
411	57.26	573 	2.007
412	57.08	571 	2.012
413	56.90	569 	2.017
414	56.73	567 	2.021
415	56.55	566 	2.026
416	56.37	564 	2.031
417	56.20	562 	2.036
418	56.02	560 	2.041
419	55.85	558 	2.046
420	55.67	557 	2.051
421	55.50	555 	2.056
422	55.32	553 	2.061
423	55.15	552 	2.065
424	54.98	550 	2.070
425	54.80	548 	2.075
426	54.63	546 	2.080
427	54.46	545 	2.085
428	54.28	543 	2.090
429	54.11	541 	2.095
430	53.94	539 	2.100
431	53.76	538 	2.104
432	53.59	536 	2.109
433	53.42	534 	2.114
434	53.25	532 	2.119
435	53.08	531 	2.124
436	52.91	529 	2.129
437	52.73	527 	2.134
438	52.56	526 	2.139
439	52.39	524 	2.144
440	52.22	522 	2.148
441	52.05	521 	2.153
442	51.88	519 	2.158
443	51.71	517 	2.163
444	51.54	515 	2.168
445	51.37	514 	2.173
446	51.20	512 	2.178
447	51.03	510 	2.183
448	50.86	509 	2.188
449	50.69	507 	2.192
450	50.52	505 	2.197
451	50.36	504 	2.202
452	50.19	502 	2.207
453	50.02	500 	2.212
454	49.85	499 	2.217
455	49.68	497 	2.222
456	49.51	495 	2.227
457	49.35	493 	2.231
458	49.18	492 	2.236
459	49.01	490 	2.241
460	48.84	488 	2.246
461	48.68	487 	2.251
462	48.51	485 	2.256
463	48.34	483 	2.261
464	48.18	482 	2.266
465	48.01	480 	2.271
466	47.85	478 	2.275
467	47.68	477 	2.280
468	47.51	475 	2.285
469	47.35	473 	2.290
470	47.18	472 	2.295
471	47.02	470 	2.300
472	46.85	469 	2.305
473	46.69	467 	2.310
474	46.52	465 	2.314
475	46.36	464 	2.319
476	46.19	462 	2.324
477	46.03	460 	2.329
478	45.86	459 	2.334
479	45.70	457 	2.339
480	45.53	455 	2.344
481	45.37	454 	2.349
482	45.20	452 	2.354
483	45.04	450 	2.358
484	44.88	449 	2.363
485	44.71	447 	2.368
486	44.55	445 	2.373
487	44.39	444 	2.378
488	44.22	442 	2.383
489	44.06	441 	2.388
490	43.90	439 	2.393
491	43.73	437 	2.397
492	43.57	436 	2.402
493	43.41	434 	2.407
494	43.25	432 	2.412
495	43.08	431 	2.417
496	42.92	429 	2.422
497	42.76	428 	2.427
498	42.60	426 	2.432
499	42.43	424 	2.437
500	42.27	423 	2.441
501	42.11	421 	2.446
502	41.95	419 	2.451
503	41.79	418 	2.456
504	41.62	416 	2.461
505	41.46	415 	2.466
506	41.30	413 	2.471
507	41.14	411 	2.476
508	40.98	410 	2.480
509	40.82	408 	2.485
510	40.66	407 	2.490
511	40.50	405 	2.495
512	40.34	403 	2.500
513	40.18	402 	2.505
514	40.01	400 	2.510
515	39.85	399 	2.515
516	39.69	397 	2.520
517	39.53	395 	2.524
518	39.37	394 	2.529
519	39.21	392 	2.534
520	39.05	391 	2.539
521	38.89	389 	2.544
522	38.73	387 	2.549
523	38.57	386 	2.554
524	38.41	384 	2.559
525	38.25	383 	2.563
526	38.09	381 	2.568
527	37.93	379 	2.573
528	37.77	378 	2.578
529	37.61	376 	2.583
530	37.45	375 	2.588
531	37.29	373 	2.593
532	37.14	371 	2.598
533	36.98	370 	2.603
534	36.82	368 	2.607
535	36.66	367 	2.612
536	36.50	365 	2.617
537	36.34	363 	2.622
538	36.18	362 	2.627
539	36.02	360 	2.632
540	35.86	359 	2.637
541	35.70	357 	2.642
542	35.54	355 	2.646
543	35.39	354 	2.651
544	35.23	352 	2.656
545	35.07	351 	2.661
546	34.91	349 	2.666
547	34.75	348 	2.671
548	34.59	346 	2.676
549	34.43	344 	2.681
550	34.28	343 	2.686
551	34.12	341 	2.690
552	33.96	340 	2.695
553	33.80	338 	2.700
554	33.64	336 	2.705
555	33.48	335 	2.710
556	33.33	333 	2.715
557	33.17	332 	2.720
558	33.01	330 	2.725
559	32.85	329 	2.729
560	32.69	327 	2.734
561	32.54	325 	2.739
562	32.38	324 	2.744
563	32.22	322 	2.749
564	32.06	321 	2.754
565	31.90	319 	2.759
566	31.75	317 	2.764
567	31.59	316 	2.769
568	31.43	314 	2.773
569	31.27	313 	2.778
570	31.11	311 	2.783
571	30.96	310 	2.788
572	30.80	308 	2.793
573	30.64	306 	2.798
574	30.48	305 	2.803
575	30.32	303 	2.808
576	30.17	302 	2.813
577	30.01	300 	2.817
578	29.85	299 	2.822
579	29.69	297 	2.827
580	29.53	295 	2.832
581	29.38	294 	2.837
582	29.22	292 	2.842
583	29.06	291 	2.847
584	28.90	289 	2.852
585	28.75	287 	2.856
586	28.59	286 	2.861
587	28.43	284 	2.866
588	28.27	283 	2.871
589	28.11	281 	2.876
590	27.96	280 	2.881
591	27.80	278 	2.886
592	27.64	276 	2.891
593	27.48	275 	2.896
594	27.32	273 	2.900
595	27.17	272 	2.905
596	27.01	270 	2.910
597	26.85	268 	2.915
598	26.69	267 	2.920
599	26.53	265 	2.925
600	26.38	264 	2.930
601	26.22	262 	2.935
602	26.06	261 	2.939
603	25.90	259 	2.944
604	25.74	257 	2.949
605	25.58	256 	2.954
606	25.43	254 	2.959
607	25.27	253 	2.964
608	25.11	251 	2.969
609	24.95	250 	2.974
610	24.79	248 	2.979
611	24.63	246 	2.983
612	24.48	245 	2.988
613	24.32	243 	2.993
614	24.16	242 	2.998
615	24.00	240 	3.003
616	23.84	238 	3.008
617	23.68	237 	3.013
618	23.52	235 	3.018
619	23.37	234 	3.022
620	23.21	232 	3.027
621	23.05	230 	3.032
622	22.89	229 	3.037
623	22.73	227 	3.042
624	22.57	226 	3.047
625	22.41	224 	3.052
626	22.25	223 	3.057
627	22.09	221 	3.062
628	21.93	219 	3.066
629	21.77	218 	3.071
630	21.62	216 	3.076
631	21.46	215 	3.081
632	21.30	213 	3.086
633	21.14	211 	3.091
634	20.98	210 	3.096
635	20.82	208 	3.101
636	20.66	207 	3.105
637	20.50	205 	3.110
638	20.34	203 	3.115
639	20.18	202 	3.120
640	20.02	200 	3.125
641	19.86	199 	3.130
642	19.70	197 	3.135
643	19.54	195 	3.140
644	19.38	194 	3.145
645	19.22	192 	3.149
646	19.06	191 	3.154
647	18.89	189 	3.159
648	18.73	187 	3.164
649	18.57	186 	3.169
650	18.41	184 	3.174
651	18.25	183 	3.179
652	18.09	181 	3.184
653	17.93	179 	3.188
654	17.77	178 	3.193
655	17.61	176 	3.198
656	17.44	174 	3.203
657	17.28	173 	3.208
658	17.12	171 	3.213
659	16.96	170 	3.218
660	16.80	168 	3.223
661	16.63	166 	3.228
662	16.47	165 	3.232
663	16.31	163 	3.237
664	16.15	161 	3.242
665	15.98	160 	3.247
666	15.82	158 	3.252
667	15.66	157 	3.257
668	15.50	155 	3.262
669	15.33	153 	3.267
670	15.17	152 	3.271
671	15.01	150 	3.276
672	14.84	148 	3.281
673	14.68	147 	3.286
674	14.52	145 	3.291
675	14.35	144 	3.296
676	14.19	142 	3.301
677	14.02	140 	3.306
678	13.86	139 	3.311
679	13.70	137 	3.315
680	13.53	135 	3.320
681	13.37	134 	3.325
682	13.20	132 	3.330
683	13.04	130 	3.335
684	12.87	129 	3.340
685	12.71	127 	3.345
686	12.54	125 	3.350
687	12.38	124 	3.354
688	12.21	122 	3.359
689	12.04	120 	3.364
690	11.88	119 	3.369
691	11.71	117 	3.374
692	11.55	115 	3.379
693	11.38	114 	3.384
694	11.21	112 	3.389
695	11.04	110 	3.394
696	10.88	109 	3.398
697	10.71	107 	3.403
698	10.54	105 	3.408
699	10.38	104 	3.413
700	10.21	102 	3.418
701	10.04	100 	3.423
702	9.87	99 	3.428
703	9.70	97 	3.433
704	9.54	95 	3.438
705	9.37	94 	3.442
706	9.20	92 	3.447
707	9.03	90 	3.452
708	8.86	89 	3.457
709	8.69	87 	3.462
710	8.52	85 	3.467
711	8.35	84 	3.472
712	8.18	82 	3.477
713	8.01	80 	3.481
714	7.84	78 	3.486
715	7.67	77 	3.491
716	7.50	75 	3.496
717	7.33	73 	3.501
718	7.16	72 	3.506
719	6.98	70 	3.511
720	6.81	68 	3.516
721	6.64	66 	3.521
722	6.47	65 	3.525
723	6.30	63 	3.530
724	6.12	61 	3.535
725	5.95	60 	3.540
726	5.78	58 	3.545
727	5.60	56 	3.550
728	5.43	54 	3.555
729	5.26	53 	3.560
730	5.08	51 	3.564
731	4.91	49 	3.569
732	4.73	47 	3.574
733	4.56	46 	3.579
734	4.38	44 	3.584
735	4.21	42 	3.589
736	4.03	40 	3.594
737	3.86	39 	3.599
738	3.68	37 	3.604
739	3.50	35 	3.608
740	3.33	33 	3.613
741	3.15	31 	3.618
742	2.97	30 	3.623
743	2.79	28 	3.628
744	2.62	26 	3.633
745	2.44	24 	3.638
746	2.26	23 	3.643
747	2.08	21 	3.647
748	1.90	19 	3.652
749	1.72	17 	3.657
750	1.54	15 	3.662
751	1.36	14 	3.667
752	1.18	12 	3.672
753	1.00	10 	3.677
754	0.82	8 	3.682
755	0.64	6 	3.687
756	0.46	5 	3.691
757	0.28	3 	3.696
758	0.10	1 	3.701
759	-0.09	-1 	3.706
760	-0.27	-3 	3.711
761	-0.45	-5 	3.716
762	-0.64	-6 	3.721
763	-0.82	-8 	3.726
764	-1.00	-10 	3.730
765	-1.19	-12 	3.735
766	-1.37	-14 	3.740
767	-1.56	-16 	3.745
768	-1.75	-17 	3.750
769	-1.93	-19 	3.755
770	-2.12	-21 	3.760
771	-2.30	-23 	3.765
772	-2.49	-25 	3.770
773	-2.68	-27 	3.774
774	-2.87	-29 	3.779
775	-3.05	-31 	3.784
776	-3.24	-32 	3.789
777	-3.43	-34 	3.794
778	-3.62	-36 	3.799
779	-3.81	-38 	3.804
780	-4.00	-40 	3.809
781	-4.19	-42 	3.813
782	-4.38	-44 	3.818
783	-4.57	-46 	3.823
784	-4.77	-48 	3.828
785	-4.96	-50 	3.833
786	-5.15	-52 	3.838
787	-5.34	-53 	3.843
788	-5.54	-55 	3.848
789	-5.73	-57 	3.853
790	-5.93	-59 	3.857
791	-6.12	-61 	3.862
792	-6.32	-63 	3.867
793	-6.51	-65 	3.872
794	-6.71	-67 	3.877
795	-6.91	-69 	3.882
796	-7.10	-71 	3.887
797	-7.30	-73 	3.892
798	-7.50	-75 	3.896
799	-7.70	-77 	3.901
800	-7.90	-79 	3.906
801	-8.10	-81 	3.911
802	-8.30	-83 	3.916
803	-8.50	-85 	3.921
804	-8.70	-87 	3.926
805	-8.90	-89 	3.931
806	-9.10	-91 	3.936
807	-9.31	-93 	3.940
808	-9.51	-95 	3.945
809	-9.71	-97 	3.950
810	-9.92	-99 	3.955
811	-10.12	-101 	3.960
812	-10.33	-103 	3.965
813	-10.54	-105 	3.970
814	-10.74	-107 	3.975
815	-10.95	-110 	3.979
816	-11.16	-112 	3.984
817	-11.37	-114 	3.989
818	-11.58	-116 	3.994
819	-11.79	-118 	3.999
820	-12.00	-120 	4.004
821	-12.21	-122 	4.009
822	-12.42	-124 	4.014
823	-12.63	-126 	4.019
824	-12.84	-128 	4.023
825	-13.06	-131 	4.028
826	-13.27	-133 	4.033
827	-13.49	-135 	4.038
828	-13.70	-137 	4.043
829	-13.92	-139 	4.048
830	-14.14	-141 	4.053
831	-14.35	-144 	4.058
832	-14.57	-146 	4.063
833	-14.79	-148 	4.067
834	-15.01	-150 	4.072
835	-15.23	-152 	4.077
836	-15.45	-155 	4.082
837	-15.67	-157 	4.087
838	-15.90	-159 	4.092
839	-16.12	-161 	4.097
840	-16.34	-163 	4.102
841	-16.57	-166 	4.106
842	-16.80	-168 	4.111
843	-17.02	-170 	4.116
844	-17.25	-172 	4.121
845	-17.48	-175 	4.126
846	-17.71	-177 	4.131
847	-17.94	-179 	4.136
848	-18.17	-182 	4.141
849	-18.40	-184 	4.146
850	-18.63	-186 	4.150
851	-18.86	-189 	4.155
852	-19.10	-191 	4.160
853	-19.33	-193 	4.165
854	-19.57	-196 	4.170
855	-19.81	-198 	4.175
856	-20.04	-200 	4.180
857	-20.28	-203 	4.185
858	-20.52	-205 	4.189
859	-20.76	-208 	4.194
860	-21.00	-210 	4.199
861	-21.25	-212 	4.204
862	-21.49	-215 	4.209
863	-21.74	-217 	4.214
864	-21.98	-220 	4.219
865	-22.23	-222 	4.224
866	-22.48	-225 	4.229
867	-22.73	-227 	4.233
868	-22.98	-230 	4.238
869	-23.23	-232 	4.243
870	-23.48	-235 	4.248
871	-23.73	-237 	4.253
872	-23.99	-240 	4.258
873	-24.24	-242 	4.263
874	-24.50	-245 	4.268
875	-24.76	-248 	4.272
876	-25.02	-250 	4.277
877	-25.28	-253 	4.282
878	-25.54	-255 	4.287
879	-25.80	-258 	4.292
880	-26.06	-261 	4.297
881	-26.33	-263 	4.302
882	-26.60	-266 	4.307
883	-26.87	-269 	4.312
884	-27.13	-271 	4.316
885	-27.41	-274 	4.321
886	-27.68	-277 	4.326
887	-27.95	-280 	4.331
888	-28.23	-282 	4.336
889	-28.50	-285 	4.341
890	-28.78	-288 	4.346
891	-29.06	-291 	4.351
892	-29.34	-293 	4.355
893	-29.62	-296 	4.360
894	-29.91	-299 	4.365
895	-30.19	-302 	4.370
896	-30.48	-305 	4.375
897	-30.77	-308 	4.380
898	-31.06	-311 	4.385
899	-31.35	-314 	4.390
900	-31.65	-316 	4.395
901	-31.94	-319 	4.399
902	-32.24	-322 	4.404
903	-32.54	-325 	4.409
904	-32.84	-328 	4.414
905	-33.14	-331 	4.419
906	-33.45	-334 	4.424
907	-33.76	-338 	4.429
908	-34.06	-341 	4.434
909	-34.38	-344 	4.438
910	-34.69	-347 	4.443
911	-35.00	-350 	4.448
912	-35.32	-353 	4.453
913	-35.64	-356 	4.458
914	-35.96	-360 	4.463
915	-36.28	-363 	4.468
916	-36.61	-366 	4.473
917	-36.94	-369 	4.478
918	-37.27	-373 	4.482
919	-37.60	-376 	4.487
920	-37.94	-379 	4.492
921	-38.27	-383 	4.497
922	-38.62	-386 	4.502
923	-38.96	-390 	4.507
924	-39.30	-393 	4.512
925	-39.65	-397 	4.517
926	70.00	700 	4.521
927	70.00	700 	4.526
928	70.00	700 	4.531
929	70.00	700 	4.536
930	70.00	700 	4.541
931	70.00	700 	4.546
932	70.00	700 	4.551
933	70.00	700 	4.556
934	70.00	700 	4.561
935	70.00	700 	4.565
936	70.00	700 	4.570
937	70.00	700 	4.575
938	70.00	700 	4.580
939	70.00	700 	4.585
940	70.00	700 	4.590
941	70.00	700 	4.595
942	70.00	700 	4.600
943	70.00	700 	4.604
944	70.00	700 	4.609
945	70.00	700 	4.614
946	70.00	700 	4.619
947	70.00	700 	4.624
948	70.00	700 	4.629
949	70.00	700 	4.634
950	70.00	700 	4.639
951	70.00	700 	4.644
952	70.00	700 	4.648
953	70.00	700 	4.653
954	70.00	700 	4.658
955	70.00	700 	4.663
956	70.00	700 	4.668
957	70.00	700 	4.673
958	70.00	700 	4.678
959	70.00	700 	4.683
960	70.00	700 	4.688
961	70.00	700 	4.692
962	70.00	700 	4.697
963	70.00	700 	4.702
964	70.00	700 	4.707
965	70.00	700 	4.712
966	70.00	700 	4.717
967	70.00	700 	4.722
968	70.00	700 	4.727
969	70.00	700 	4.731
970	70.00	700 	4.736
971	70.00	700 	4.741
972	70.00	700 	4.746
973	70.00	700 	4.751
974	70.00	700 	4.756
975	70.00	700 	4.761
976	70.00	700 	4.766
977	70.00	700 	4.771
978	70.00	700 	4.775
979	70.00	700 	4.780
980	70.00	700 	4.785
981	70.00	700 	4.790
982	70.00	700 	4.795
983	70.00	700 	4.800
984	70.00	700 	4.805
985	70.00	700 	4.810
986	70.00	700 	4.814
987	70.00	700 	4.819
988	70.00	700 	4.824
989	70.00	700 	4.829
990	70.00	700 	4.834
991	70.00	700 	4.839
992	70.00	700 	4.844
993	70.00	700 	4.849
994	70.00	700 	4.854
995	70.00	700 	4.858
996	70.00	700 	4.863
997	70.00	700 	4.868
998	70.00	700 	4.873
999	70.00	700 	4.878
1000	70.00	700 	4.883
1001	70.00	700 	4.888
1002	70.00	700 	4.893
1003	70.00	700 	4.897
1004	70.00	700 	4.902
1005	70.00	700 	4.907
1006	70.00	700 	4.912
1007	70.00	700 	4.917
1008	70.00	700 	4.922
1009	70.00	700 	4.927
1010	70.00	700 	4.932
1011	70.00	700 	4.937
1012	70.00	700 	4.941
1013	70.00	700 	4.946
1014	70.00	700 	4.951
1015	70.00	700 	4.956
1016	70.00	700 	4.961
1017	70.00	700 	4.966
1018	70.00	700 	4.971
1019	70.00	700 	4.976
1020	70.00	700 	4.980
1021	70.00	700 	4.985
1022	70.00	700 	4.990
1023	70.00	700 	4.995
